Determining if the pthread_create exist failed with the following output:
Change Dir: /home/frannuca/code/zelda/cmake-build-debug/CMakeFiles/CMakeTmp

Run Build Command:"/usr/bin/make" "cmTC_bd9b4/fast"
/usr/bin/make -f CMakeFiles/cmTC_bd9b4.dir/build.make CMakeFiles/cmTC_bd9b4.dir/build
make[1]: Entering directory '/home/frannuca/code/zelda/cmake-build-debug/CMakeFiles/CMakeTmp'
Building C object CMakeFiles/cmTC_bd9b4.dir/CheckSymbolExists.c.o
/usr/bin/cc    -o CMakeFiles/cmTC_bd9b4.dir/CheckSymbolExists.c.o   -c /home/frannuca/code/zelda/cmake-build-debug/CMakeFiles/CMakeTmp/CheckSymbolExists.c
Linking C executable cmTC_bd9b4
/opt/dev/clion-2018.3.2/bin/cmake/linux/bin/cmake -E cmake_link_script CMakeFiles/cmTC_bd9b4.dir/link.txt --verbose=1
/usr/bin/cc      CMakeFiles/cmTC_bd9b4.dir/CheckSymbolExists.c.o  -o cmTC_bd9b4 
CMakeFiles/cmTC_bd9b4.dir/CheckSymbolExists.c.o: In function `main':
CheckSymbolExists.c:(.text+0x1b): undefined reference to `pthread_create'
collect2: error: ld returned 1 exit status
CMakeFiles/cmTC_bd9b4.dir/build.make:86: recipe for target 'cmTC_bd9b4' failed
make[1]: *** [cmTC_bd9b4] Error 1
make[1]: Leaving directory '/home/frannuca/code/zelda/cmake-build-debug/CMakeFiles/CMakeTmp'
Makefile:121: recipe for target 'cmTC_bd9b4/fast' failed
make: *** [cmTC_bd9b4/fast] Error 2

File /home/frannuca/code/zelda/cmake-build-debug/CMakeFiles/CMakeTmp/CheckSymbolExists.c:
/* */
#include <pthread.h>

int main(int argc, char** argv)
{
  (void)argv;
#ifndef pthread_create
  return ((int*)(&pthread_create))[argc];
#else
  (void)argc;
  return 0;
#endif
}

Determining if the function pthread_create exists in the pthreads failed with the following output:
Change Dir: /home/frannuca/code/zelda/cmake-build-debug/CMakeFiles/CMakeTmp

Run Build Command:"/usr/bin/make" "cmTC_a1fe6/fast"
/usr/bin/make -f CMakeFiles/cmTC_a1fe6.dir/build.make CMakeFiles/cmTC_a1fe6.dir/build
make[1]: Entering directory '/home/frannuca/code/zelda/cmake-build-debug/CMakeFiles/CMakeTmp'
Building C object CMakeFiles/cmTC_a1fe6.dir/CheckFunctionExists.c.o
/usr/bin/cc   -DCHECK_FUNCTION_EXISTS=pthread_create   -o CMakeFiles/cmTC_a1fe6.dir/CheckFunctionExists.c.o   -c /opt/dev/clion-2018.3.2/bin/cmake/linux/share/cmake-3.13/Modules/CheckFunctionExists.c
Linking C executable cmTC_a1fe6
/opt/dev/clion-2018.3.2/bin/cmake/linux/bin/cmake -E cmake_link_script CMakeFiles/cmTC_a1fe6.dir/link.txt --verbose=1
/usr/bin/cc  -DCHECK_FUNCTION_EXISTS=pthread_create    CMakeFiles/cmTC_a1fe6.dir/CheckFunctionExists.c.o  -o cmTC_a1fe6 -lpthreads 
/usr/bin/ld: cannot find -lpthreads
collect2: error: ld returned 1 exit status
CMakeFiles/cmTC_a1fe6.dir/build.make:86: recipe for target 'cmTC_a1fe6' failed
make[1]: *** [cmTC_a1fe6] Error 1
make[1]: Leaving directory '/home/frannuca/code/zelda/cmake-build-debug/CMakeFiles/CMakeTmp'
Makefile:121: recipe for target 'cmTC_a1fe6/fast' failed
make: *** [cmTC_a1fe6/fast] Error 2


